<?xml version="1.0" encoding="UTF-8"?>
<!-- Generated by org.testng.reporters.JUnitReportReporter -->
<testsuite hostname="LAKESH-LAPTOP" failures="0" tests="9" name="TestCases" time="11.016" errors="0" timestamp="2025-02-21T22:59:14 IST" skipped="0">
  <testcase classname="TestCases" name="testCase05" time="0.442"/>
  <testcase classname="TestCases" name="testCase04" time="0.250"/>
  <testcase classname="TestCases" name="testCase06" time="1.876"/>
  <testcase classname="TestCases" name="testCase08" time="1.471"/>
  <testcase classname="TestCases" name="testCase03" time="0.497"/>
  <testcase classname="TestCases" name="testCase09" time="0.064"/>
  <testcase classname="TestCases" name="testCase07" time="0.244"/>
  <testcase classname="TestCases" name="testCase01" time="4.891"/>
  <testcase classname="TestCases" name="testCase02" time="1.281"/>
</testsuite> <!-- TestCases -->
