<?xml version="1.0" encoding="UTF-8"?>
<!-- Generated by org.testng.reporters.JUnitReportReporter -->
<testsuite hostname="LAKESH-LAPTOP" failures="0" tests="9" name="demo.TestCases" time="11.056" errors="0" timestamp="2025-02-21T22:53:08 IST" skipped="0">
  <testcase classname="demo.TestCases" name="testCase05" time="0.588"/>
  <testcase classname="demo.TestCases" name="testCase08" time="1.630"/>
  <testcase classname="demo.TestCases" name="testCase06" time="1.990"/>
  <testcase classname="demo.TestCases" name="testCase03" time="0.361"/>
  <testcase classname="demo.TestCases" name="testCase04" time="0.220"/>
  <testcase classname="demo.TestCases" name="testCase07" time="0.217"/>
  <testcase classname="demo.TestCases" name="testCase02" time="4.413"/>
  <testcase classname="demo.TestCases" name="testCase09" time="0.066"/>
  <testcase classname="demo.TestCases" name="testCase01" time="1.571"/>
</testsuite> <!-- demo.TestCases -->
