<?xml version="1.0" encoding="UTF-8"?>
<testsuite name="TestCases" tests="9" skipped="0" failures="0" errors="0" timestamp="2025-02-21T17:29:03" hostname="LAKESH-LAPTOP" time="11.312">
  <properties/>
  <testcase name="testCase01" classname="TestCases" time="4.891"/>
  <testcase name="testCase02" classname="TestCases" time="1.281"/>
  <testcase name="testCase03" classname="TestCases" time="0.497"/>
  <testcase name="testCase04" classname="TestCases" time="0.25"/>
  <testcase name="testCase05" classname="TestCases" time="0.442"/>
  <testcase name="testCase06" classname="TestCases" time="1.876"/>
  <testcase name="testCase07" classname="TestCases" time="0.244"/>
  <testcase name="testCase08" classname="TestCases" time="1.471"/>
  <testcase name="testCase09" classname="TestCases" time="0.064"/>
  <system-out><![CDATA[Start Test case: testCase01
open url called
testCase01: Passed
End Test case: testCase01
Start Test case: testCase02
testCase02: Passed
End Test case: testCase02
Start Test case: testCase03
epoch time : 1740158949368
testCase03: Passed
End Test case: testCase03
Start Test case: testCase04
0 - 2 experieance selected
testCase04: Passed
End Test case: testCase04
Start Test case: testCase05
Java is selected
Selenium is selected
TestNG is selected
testCase05: Passed
End Test case: testCase05
Start Test case: testCase06
Mr selected
testCase06: Passed
End Test case: testCase06
Start Test case: testCase07
testCase07: Passed
End Test case: testCase07
Start Test case: testCase08
testCase08: Passed
End Test case: testCase08
Start Test case: testCase09
Thanks for your response, Automation Wizard!
testCase09: Passed
End Test case: testCase09
]]></system-out>
  <system-err><![CDATA[]]></system-err>
</testsuite>
